iSSwmQMads9B7oJw0PQJJEo1I3AFKzFjVvjbvUIgc+HI/asTb47tHDZgZZrm7EVxkPySPEw/4faTxS8N4TzZRQ14z24o4b8OT0R/V1T0OXQ1LjNAPjxVoAUk
WnT739ycAwyW6ZH6sjsQgN96FSlGyp0VLPbErf+vx0ewXKXBqbj5s700ESknc/0uWazRnZxYfFqEyMemN9exPUEnw8utjsMsTKdS6SUPWyMqt0gBNVqesFOs5qdcJ0FsVoKy4f1ZAwc/GqUYduQtjrd4bVUwWLro3OvpMhMBJ9lx6PHhrVzn+nj194oPQDfDBOCR0BUKm5Qu6N1kBeA=
AE4+g1PKqrfmnYhq6Ny15P/y7N/RTqW8ga40GbZXGllJib2KriptOAul+/vP5l3kthjVekaElanQpEIULBcRzpP93yWBFAkdTaAfBogJD3bPvM8/9BxpLPX2Y2jeFCWYBRw=
mrgZ4N5bzk97E9PCNvxL3qe0iC8ajLGhGRhJ8a+SZuULWGvRG9qoiEl0k5L5M20PNonODHWXZJp9v73mQ+ygdwtk7+oDhYyy/a5lEN8iFspBqgUq
5QLl8W++Z7BzfR4rhsjm8LJ7OCEcdigcIYxETcSvz14wdqMqZqTTwAf7MBVfmadOUjVjnwtRRljfCzHdubXZSv9vvQU7
DxH8IAXOU8tJWMHkqLjJqyvURq8QzHvucYsXKKfDdrtP2mhY9PiQUHUxQPexSnQ670LDedrZhTLnlPHUSTpUvb37eKapsaj9d9hYEsiYBRXAw0HrHoDO4i6HxLjKxvPss6/1Jj7sY01DzvUvIV+WZ+0IJu9MLsEc1WamMT4KZ+ZNZ/3qMh2s6QVW89MA8Ic5jSfPNq1sPlmawkAzo7bbXJNGHelgNEl9TQDf5gspTxbPXA8fdHwpjPUWo0hedGU4Bbw=
S3eWc0rHyI6RNHEK18m/hBQ11oBuNCOLFUX378fXn/xDL1mL+fwWNbUiuj1pp7AwXysIVYfpXyj6hesfg6Eu+Ge76Z1B5QFq13+1BTM=
MeaYeMUGfbISm98ifDcCmtSC1YBsITKLFUX378fXn/xDL1mL+fwWNbUiuj1pp7AwXysIVYfpXyj6hesfg6Eu+Ge76Z1B5QFq13+1BTM=
yEiaRfD8SwXYUe7ohs/qDw3fnrhvBRGhjyP/IVVPZTP1VOl7q9tLKFz9/2Z4favj+vgV/zoFdb11AJBhyT+hxcTQTa+bjXPxC2Lde7cFMQ==
orD4kcSC1bm0KQ1asOHmzF3S5vYPMj3UzV4XrNMEf0pdGHjCkcLzbE652dyEGV2U/QfkLuVDHUKrgBSjc7gvrsvJ3EalkoV09w5m3nm2BS4=
vq6dbgL9urTZ5OnJQTPgKjuOnqoGAPf0iQ0CW2Gdy687jyssN8f1KxWUgoUh2ia99d8kgMvDZPUrgat4Tl2X37/52qhTk4V9bc0VGsNHqQUv
MXOPP9wWNTG1oF1dVjThJ0c89cVZE7PpEY8hezkkNcMPOy+w4G1z7vz9L2t2aKln3mXRBSnw3KkNf2WNCOARV/+tV+n3ctFzswU1
TH0zefrGNh1PoHmhxzpxV/7rzEwU0u30Un9J7auiJ/grWD+OFdSotkl+k4jmFSlIPIXdEHWLdJp9v73mQ+ykdwtk7+oDhYyy/a5lEN8iFspBqgUq
l0rSvsWv5jg6fmWCYv/U4ga+LQzijrk8Pji16psRT0Hegxex7c8do100McvjGwN4pN3XlmB9s5PS2G0v8kW9DS3gOPExvxlVrHCV31NNOyEzAjVLrwUp
CKK9ykOeClpeHNtO3FE4hUo7ejtGYkUtGbGZ70gfMPz/tOJ2b67fcl9gKcawsE1kg/bKN0F+6M+d3ik5jDzZRQ14z24s4b8OT0R/V1T0OXQ1LjNAPjxVoAUk
779MAmVs4phaTvMRXJwoZkQp25VrNzGLFUX378fXn/xDL1mL+fwWNbUiuj1pp7AwXysIVYfpXyj6hesfg6Eu+Ge76Z1B5QFq13+1BTM=
CzKiPPt3rKsfD5dq3ZXGQEcp25VrNzGLFUX378fXn/xDL1mL+fwWNbUiuj1pp7AwXysIVYfpXyj6hesfg6Eu+Ge76Z1B5QFq13+1BTM=
UA0oQ98pC/mBoQcmCLKOPxZb3vvJDbMvgx/DTO93vetdRLqlyao+ve0vTKDzk6y14zHzmCbNL19HaXIIC2PNvaWd7Xrrd7EFNw==
iVit0x2qXs8xAX2XHX8ikxdb3vvJDbMvgx/DTO93vetdRLqlyao+ve0vTKDzk6y14zHzmCbNL19HaXIIC2PNvaWd7Xrrd7EFNw==
HsuMqOCVN8apHse5sb1R1UdA/rVXIHzn/8p3ph+0AaKgtEVwo6ICcxGaQFsdSoHd3HgRES1sx2o8hZfaD5DXM8RwseCVevsEbth9tAUw
dZMxBx7O6cJ1DHCSgOfYDEUz3ZdwJTGLFUX378fXn/xDL1mL+fwWNbUiuj1pp7AwXysIVYfpXyj6hesfg6Eu+Ge76Z1B5QFq13+1BTM=
zm4dkcjpRuZJwcjezV1pYxRb3vvJDbMvgx/DTO93vetdRLqlyao+ve0vTKDzk6y14zHzmCbNL19HaXIIC2PNvaWd7Xrrd7EFNw==
uZMQjYnZE+rkEt2xpbQgSxVb3vvJDbMvgx/DTO93vetdRLqlyao+ve0vTKDzk6y14zHzmCbNL19HaXIIC2PNvaWd7Xrrd7EFNw==
G7i6rebo8nWy2iJOgrgSzRJb3vvJDbMvgx/DTO93vetdRLqlyao+ve0vTKDzk6y14zHzmCbNL19HaXIIC2PNvaWd7Xrrd7EFNw==
xmeJn/bJfu7+X75BLEF2lhNb3vvJDbMvgx/DTO93vetdRLqlyao+ve0vTKDzk6y14zHzmCbNL19HaXIIC2PNvaWd7Xrrd7EFNw==
N1LclTNbTlVryK7RK8tbYUZA/rVXIHzn/8p3ph+0AaKgtEVwo6ICcxGaQFsdSoHd3HgRES1sx2o8hZfaD5DXM8RwseCVevsEbth9tAUw
Xu3yOvhwIjAOJfJLSTK5L/eNthMXE8uOlXQ/n/3zy3mpD9nrgYRdE0d758DITWse5P03G25IgZeWpRlVwVBkOXX/3R3wgLmHt20f2R8SyUOrBS0=
3W6pDUEyCx1oVepjNaRvM0Qz3ZdwJTGLFUX378fXn/xDL1mL+fwWNbUiuj1pp7AwXysIVYfpXyj6hesfg6Eu+Ge76Z1B5QFq13+1BTM=
iyxMXoUOHXwHVDmu/Btebg3QlqF5GBe7hCP/IVVPZTP1VOl7q9tLKFz9/2Z4favj+vgV/zoFdb11AJBhyT+hxcTQTa+bjXPxC2Lde7cFMQ==
jOn5RISTUCqRnuqTIHOO4xBb3vvJDbMvgx/DTO93vetdRLqlyao+ve0vTKDzk6y14zHzmCbNL19HaXIIC2PNvaWd7Xrrd7EFNw==
eh/KeOHM2mMMtK0lDvmu9xFb3vvJDbMvgx/DTO93vetdRLqlyao+ve0vTKDzk6y14zHzmCbNL19HaXIIC2PNvaWd7Xrrd7EFNw==
+5VbQqNxgM0JKO0rq8crX0VA/rVXIHzn/8p3ph+0AaKgtEVwo6ICcxGaQFsdSoHd3HgRES1sx2o8hZfaD5DXM8RwseCVevsEbth9tAUw
DadM0/U6xvSzsjeXsBEYqUcz3ZdwJTGLFUX378fXn/xDL1mL+fwWNbUiuj1pp7AwXysIVYfpXyj6hesfg6Eu+Ge76Z1B5QFq13+1BTM=
9dOZlIHAudjJzszYJmZ4w/Ho0HxVz+vjXkEA7q6wJ/grWD+OFdSotkl+k4jmFSlIPIXdEHWLdJp9v73mQ+ykdwtk7+oDhYyy/a5lEN8iFspBqgUq
1/L+4XicSmsHJSnxAohiPilcpZMv/j9iX3BJFnDArdQDBmqHgS7I353OCWlMjHm1jcgvHuwx3x5PVJ8HFARZxLVek/B+7HWwBTQ=
Qk60H2EqOwCMwjhzKhmi5ChcpZMv/j9iX3BJFnDArdQDBmqHgS7I353OCWlMjHm1jcgvHuwx3x5PVJ8HFARZxLVek/B+7HWwBTQ=
xbho0VAcJYt2uTmEO0Z1yUNA/rVXIHzn/8p3ph+0AaKgtEVwo6ICcxGaQFsdSoHd3HgRES1sx2o8hZfaD5DXM8RwseCVevsEbth9tAUw
uYQ3vZ1EdWWMPCwpkBQzK/SNthMXE8uOlXQ/n/3zy3mpD9nrgYRdE0d758DITWse5P03G25IgZeWpRlVwVBkOXX/3R3wgLmHt20f2R8SyUOrBS0=
DwYyry8tBlvPEdPl8pYE70/U/ctLOj/Vx04XrNMEf0pdGHjCkcLzbE652dyEGV2U/QfkLuVDHUKrgBSjc7gvrsvJ3EalkoV09w5m3nm2BS4=
O0r0BoZdfUXYc0i7Yog990A4+ch1E7PpEY8hezkkNcMPOy+w4G1z7vz9L2t2aKln3mXRBSnw3KkNf2WNCOARV/+tV+n3ctFzswU1
oKK+uQiJM18DFTb+tDRZmkgy+4k1akdgm8C/FqVMyG75JlPQ1s1JUAyd3QhFkxRCTed9vvM0xO+7/G9ysx3sak32pUjv+nbScbIFMg==
zzSdLpBF243vJz3azliQ8Qi7pJkkOrTEoiEQW2Gdy687jyssN8f1KxWUgoUh2ia99d8kgMvDZPUrgat4Tl2X37/52qhTk4V9bc0VGsNHqQUv
g4s5W33kARzVsQNlF71HGnVWyvvJDbMvgx/DTO93vetdRLqlyao+ve0vTKDzk6y14zHzmCbNL19HaXIIC2PNvaWd7Xrrd7EFNw==
yzSr0hrqmNMjIcWAKMf5OVgso4Ev/j9iX3BJFnDArdQDBmqHgS7I353OCWlMjHm1jcgvHuwx3x5PVJ8HFARZxLVek/B+7HWwBTQ=
nRg4nVNnUJ7CaS475u1DQxlT8rVKIHz0/8p3ph+0AaKgtEVwo6ICcxGaQFsdSoHd3HgRES1sx2o8hZfaD5DXM8RwseCVevsEbth9tAUw
eJM6FCn9lhTgNjVoMOUzfEcD86JNIHnk/8p3ph+0AaKgtEVwo6ICcxGaQFsdSoHd3HgRES1sx2o8hZfaD5DXM8RwseCVevsEbth9tAUw
fA5ffMcAFq9t3+ePUE/wKUYD86JNIHnk/8p3ph+0AaKgtEVwo6ICcxGaQFsdSoHd3HgRES1sx2o8hZfaD5DXM8RwseCVevsEbth9tAUw
J6UPuzjd75lXadinHSnyyy1cpZMv/j9iX3BJFnDArdQDBmqHgS7I353OCWlMjHm1jcgvHuwx3x5PVJ8HFARZxLVek/B+7HWwBTQ=
5Lm9lT+bJWT80yput6vPuCxcpZMv/j9iX3BJFnDArdQDBmqHgS7I353OCWlMjHm1jcgvHuwx3x5PVJ8HFARZxLVek/B+7HWwBTQ=
YG0bTYbJm7JLBi3UCNdN3C9cpZMv/j9iX3BJFnDArdQDBmqHgS7I353OCWlMjHm1jcgvHuwx3x5PVJ8HFARZxLVek/B+7HWwBTQ=
mpxcw8UTDwIB0hdMWH9y0i5cpZMv/j9iX3BJFnDArdQDBmqHgS7I353OCWlMjHm1jcgvHuwx3x5PVJ8HFARZxLVek/B+7HWwBTQ=
shthFr1bLEn3g396pjGBJEJA/rVXIHzn/8p3ph+0AaKgtEVwo6ICcxGaQFsdSoHd3HgRES1sx2o8hZfaD5DXM8RwseCVevsEbth9tAUw
P4QF6+gohRlVud4FcVJ6TEFA/rVXIHzn/8p3ph+0AaKgtEVwo6ICcxGaQFsdSoHd3HgRES1sx2o8hZfaD5DXM8RwseCVevsEbth9tAUw
jmfaa3yaLLytxvrZGaCbykUD86JNIHnk/8p3ph+0AaKgtEVwo6ICcxGaQFsdSoHd3HgRES1sx2o8hZfaD5DXM8RwseCVevsEbth9tAUw
dbPbPxggnc4i9QG2mtgT10QD86JNIHnk/8p3ph+0AaKgtEVwo6ICcxGaQFsdSoHd3HgRES1sx2o8hZfaD5DXM8RwseCVevsEbth9tAUw
SI02rlPT4OB66b7X8W5zeUMD86JNIHnk/8p3ph+0AaKgtEVwo6ICcxGaQFsdSoHd3HgRES1sx2o8hZfaD5DXM8RwseCVevsEbth9tAUw
NY74zmqxHtxLTqDkTe8Yb0BA/rVXIHzn/8p3ph+0AaKgtEVwo6ICcxGaQFsdSoHd3HgRES1sx2o8hZfaD5DXM8RwseCVevsEbth9tAUw
SG/+Mm7J0TqWkwW5SQ4EwE9A/rVXIHzn/8p3ph+0AaKgtEVwo6ICcxGaQFsdSoHd3HgRES1sx2o8hZfaD5DXM8RwseCVevsEbth9tAUw
Ssitlyh5HQ7+kM8WgJ3kWU5A/rVXIHzn/8p3ph+0AaKgtEVwo6ICcxGaQFsdSoHd3HgRES1sx2o8hZfaD5DXM8RwseCVevsEbth9tAUw
hKKDr6j2vtz44xPFXVtSeyFcpZMv/j9iX3BJFnDArdQDBmqHgS7I353OCWlMjHm1jcgvHuwx3x5PVJ8HFARZxLVek/B+7HWwBTQ=
uRONs2nt/xjca3qTwhaAqiBcpZMv/j9iX3BJFnDArdQDBmqHgS7I353OCWlMjHm1jcgvHuwx3x5PVJ8HFARZxLVek/B+7HWwBTQ=
TDEczJhq3Q7xlKUtXAZAbSlfpZMv/j9iX3BJFnDArdQDBmqHgS7I353OCWlMjHm1jcgvHuwx3x5PVJ8HFARZxLVek/B+7HWwBTQ=
P/bVyNx+usffdGn1nB+7rShfpZMv/j9iX3BJFnDArdQDBmqHgS7I353OCWlMjHm1jcgvHuwx3x5PVJ8HFARZxLVek/B+7HWwBTQ=
aVZhI+DhBPOUc4c2LAKBZCtfpZMv/j9iX3BJFnDArdQDBmqHgS7I353OCWlMjHm1jcgvHuwx3x5PVJ8HFARZxLVek/B+7HWwBTQ=
2ajC8yJOjmxCweXe0A4s7ipfpZMv/j9iX3BJFnDArdQDBmqHgS7I353OCWlMjHm1jcgvHuwx3x5PVJ8HFARZxLVek/B+7HWwBTQ=
Cv1QmVVORFkXZhU1HOh5FuPL4fXk6t58YBbd47tifx2X9vfEY5z/ws1g2GrhGjMknoG5NLQBXZzt/8QGFRtdivs49MvDIK8mW7F87tVKRTwnNgY2Sa4FJg==
qCHU/HRUJ43Mvi5hZ+TDRfKNthMXE8uOlXQ/n/3zy3mpD9nrgYRdE0d758DITWse5P03G25IgZeWpRlVwVBkOXX/3R3wgLmHt20f2R8SyUOrBS0=
nKcLf27eej8X9oSImMnO9UID86JNIHnk/8p3ph+0AaKgtEVwo6ICcxGaQFsdSoHd3HgRES1sx2o8hZfaD5DXM8RwseCVevsEbth9tAUw
cxYzVb338XRZr0I48Etdf0ED86JNIHnk/8p3ph+0AaKgtEVwo6ICcxGaQFsdSoHd3HgRES1sx2o8hZfaD5DXM8RwseCVevsEbth9tAUw
MbXUJ8NpHpP14m/f/UStgkAD86JNIHnk/8p3ph+0AaKgtEVwo6ICcxGaQFsdSoHd3HgRES1sx2o8hZfaD5DXM8RwseCVevsEbth9tAUw
xDp0UpnJrJpTcqj1jpUTri1fpZMv/j9iX3BJFnDArdQDBmqHgS7I353OCWlMjHm1jcgvHuwx3x5PVJ8HFARZxLVek/B+7HWwBTQ=
Q/w5G73EFC9vPTVxmISH1F967/vJDbMvgx/DTO93vetdRLqlyao+ve0vTKDzk6y14zHzmSbNL19HaXIIC2PNvaWd7Xrrd7EFNw==
XaMDg6sIbxXUuXn4NDXGPFyCjbB+HxmmmCP/IVVPZTP1VOl7q9tLKFz9/2Z4favj+vgV/zoFdb11AZBhyT+hxcTQTa+bjXPxC2Lde7cFMQ==
63wuw5Ta15xvsfMivY/T812CjbB+HxmmmCP/IVVPZTP1VOl7q9tLKFz9/2Z4favj+vgV/zoFdb11AZBhyT+hxcTQTa+bjXPxC2Lde7cFMQ==
fRgwjXA3nqo6Vs0jUUE/Dk8D86JNIHnk/8p3ph+0AaKgtEVwo6ICcxGaQFsdSoHd3HgRES1sx2o9hZfaD5DXM8RwseCVevsEbth9tAUw
E6B46v9iXeJuvpwnvGCnjU4D86JNIHnk/8p3ph+0AaKgtEVwo6ICcxGaQFsdSoHd3HgRES1sx2o9hZfaD5DXM8RwseCVevsEbth9tAUw
Q6HKbPTHToo/hdYjbmH6AClepZMv/j9iX3BJFnDArdQDBmqHgS7I353OCWlMjHm1jcgvHu0x3x5PVJ8HFARZxLVek/B+7HWwBTQ=
sOK5W1QcWbBY/ESX6cj6AShepZMv/j9iX3BJFnDArdQDBmqHgS7I353OCWlMjHm1jcgvHu0x3x5PVJ8HFARZxLVek/B+7HWwBTQ=
+Cn6LYBc7UJ2lMV/eWeXSV+CjbB+HxmmmCP/IVVPZTP1VOl7q9tLKFz9/2Z4favj+vgV/zoFdb11AZBhyT+hxcTQTa+bjXPxC2Lde7cFMQ==
9fF0/qvOf4ij0vl+fJhZyitepZMv/j9iX3BJFnDArdQDBmqHgS7I353OCWlMjHm1jcgvHu0x3x5PVJ8HFARZxLVek/B+7HWwBTQ=
23Q4gMVMLZbk3ja9SrkZeFiCjbB+HxmmmCP/IVVPZTP1VOl7q9tLKFz9/2Z4favj+vgV/zoFdb11AZBhyT+hxcTQTa+bjXPxC2Lde7cFMQ==
yu7GAADSbh5TDFFj8aHBfCpepZMv/j9iX3BJFnDArdQDBmqHgS7I353OCWlMjHm1jcgvHu0x3x5PVJ8HFARZxLVek/B+7HWwBTQ=
c9iWkoZd99eGAPD0KRnDmkIz3ZdwJTGLFUX378fXn/xDL1mL+fwWNbUiuj1pp7AwXysIVYfpXyn6hesfg6Eu+Ge76Z1B5QFq13+1BTM=
E8vMxqmufoMhq6mkPZQqL00z3ZdwJTGLFUX378fXn/xDL1mL+fwWNbUiuj1pp7AwXysIVYfpXyn6hesfg6Eu+Ge76Z1B5QFq13+1BTM=
o55kvY4MIHDw+hdZV1//D1mCjbB+HxmmmCP/IVVPZTP1VOl7q9tLKFz9/2Z4favj+vgV/zoFdb11AZBhyT+hxcTQTa+bjXPxC2Lde7cFMQ==
LTjnX9Yojhdzhnrm9+YqZ0cA86JNIHnk/8p3ph+0AaKgtEVwo6ICcxGaQFsdSoHd3HgRES1sx2o9hZfaD5DXM8RwseCVevsEbth9tAUw
Mc4QjwKAsYDKuebUSbju6UYA86JNIHnk/8p3ph+0AaKgtEVwo6ICcxGaQFsdSoHd3HgRES1sx2o9hZfaD5DXM8RwseCVevsEbth9tAUw
O/S+uknEVhrYBaGyIT42TyxepZMv/j9iX3BJFnDArdQDBmqHgS7I353OCWlMjHm1jcgvHu0x3x5PVJ8HFARZxLVek/B+7HWwBTQ=
h8E6FJsKy7HTwgqhlPM/jC9epZMv/j9iX3BJFnDArdQDBmqHgS7I353OCWlMjHm1jcgvHu0x3x5PVJ8HFARZxLVek/B+7HWwBTQ=
y4bWctO1pxH+Rdu3mifg1FqCjbB+HxmmmCP/IVVPZTP1VOl7q9tLKFz9/2Z4favj+vgV/zoFdb11AZBhyT+hxcTQTa+bjXPxC2Lde7cFMQ==
ujk5BOpUEPLvbUiDgNwyjfaNthMXE8uOlXQ/n/3zy3mpD9nrgYRdE0d758DITWse5P03G25IgZeWpRlVwVFkOXX/3R3wgLmHt20f2R8SyUOrBS0=
RIyfyvEfSEpn6C5Liu0LOfWNthMXE8uOlXQ/n/3zy3mpD9nrgYRdE0d758DITWse5P03G25IgZeWpRlVwVFkOXX/3R3wgLmHt20f2R8SyUOrBS0=
9YQVV0RY5SiCCBT8HkbVl1v87xd1Qce0r2dTOI8WT/rf6Ll+0Gj9LEM+uu9hBvjHndY5QazkqY3NMH+2TVkvhs/M7++0rIm8dWbDGB7ERagFLA==
FJp4BIbqPnicxklMV6nsDR5b3vvJDbMvgx/DTO93vetdRLqlyao+ve0vTKDzk6y14zHzmSbNL19HaXIIC2PNvaWd7Xrrd7EFNw==
FQmXhaqjdmQ5oUzc8I2Z6R9b3vvJDbMvgx/DTO93vetdRLqlyao+ve0vTKDzk6y14zHzmSbNL19HaXIIC2PNvaWd7Xrrd7EFNw==
t3m7F5Jh1t179pklhjxGmitcpZMv/j9iX3BJFnDArdQDBmqHgS7I353OCWlMjHm1jcgvHu0x3x5PVJ8HFARZxLVek/B+7HWwBTQ=
Fh4STia6S2hTDgBGtVS2CipcpZMv/j9iX3BJFnDArdQDBmqHgS7I353OCWlMjHm1jcgvHu0x3x5PVJ8HFARZxLVek/B+7HWwBTQ=
CwQ/yhL67NLA7MJM6OHnGyxfpZMv/j9iX3BJFnDArdQDBmqHgS7I353OCWlMjHm1jcgvHu0x3x5PVJ8HFARZxLVek/B+7HWwBTQ=
/zQANVgySrJbxNNLKzgiqy9fpZMv/j9iX3BJFnDArdQDBmqHgS7I353OCWlMjHm1jcgvHu0x3x5PVJ8HFARZxLVek/B+7HWwBTQ=
mO7hpLrS8k0xMkHTrBNvh0N0552GQ/Rh0A7cTPUk+O1YR7uupO4vquo8R7Dzk6y14zHzmSbNL19HaXIIC2PNvaWd7Xrrd7EFNw==
HmZlAHIbs/UlkqR8bwgJi0N0552GQ/Rh0AreQvUk+O1YR7uupO4vquo8R7Dzk6y14zHzmSbNL19HaXIIC2PNvaWd7Xrrd7EFNw==
pZWao5JR+a+uGnlak4c4dBGk/2LKYIdExGG2KHOj4Cs750RZWkmc5Pkg4VntJHeyXX0HUo8YR0skKAEo1bKL3E7gbbwFOA==
pn9st/nQLYzzd0k2ZS99k1d4tORIV49R3K/B7fLp0FkoEiaQr7GsYC0dV1zzFH96Pci4sjFSc9yu6ZkspAldpJ3XJF5F053yS9BVU1OoL56rGRw2BQIFxBdeJi5ZpgUe
PtMciV/w92L/Wydgm8+CEUBX56FfOrbp8tKDuWiWwP6Fke489Ocb0If1DdlLPuTEYnhtgr7V3HdMR0AFa15rJkAxJKITvK29nwJpxDs6MwReYTlU9CFOs6mFRObVO12qO9h1q4MArwYb0fwOFWpFHOfWhlYJjgUG
4zmeIGK+eBgoMiVJ64bR6FZ4tORIV49R3K/B7fLp0FkoEiaQr7GsYC0dV1zzFH96Pci4sjFSc9yu6ZkspAldpJ3XJF5F053yS9BVU1OoL56rGRw2BQIFxBdeJi5ZpgUe
OgtdHdiQa1QPWOjr9ALE70BX56FfOrbp8tKDuWiWwP6Fke489Ocb0If1DdlLPuTEYnltgr7V3HdMR0AFa15rJkAxJKITvK29nwJpxDs6MwReYTlU9CFOs6mFRObVO12qO9h1q4MArwYb0fwOFWpFHOfWhlYJjgUG
FQfMD74HZ2/dHv8JbFQq1lV4tORIV49R3K/B7fLp0FkoEiaQr7GsYC0dV1zzFH96Pci4sjFSc9yu6ZkspAldpJ3XJF5F053yS9BVU1OoL56rGRw2BQIFxBdeJi5ZpgUe
TcgWwZdHVKz8JbdM3usaTkBX56FfOrbp8tKDuWiWwP6Fke489Ocb0If1DdlLPuTEYnptgr7V3HdMR0AFa15rJkAxJKITvK29nwJpxDs6MwReYTlU9CFOs6mFRObVO12qO9h1q4MArwYb0fwOFWpFHOfWhlYJjgUG
1+cY5OGJPiOeLSjGa1/1iVR4tORIV49R3K/B7fLp0FkoEiaQr7GsYC0dV1zzFH96Pci4sjFSc9yu6ZkspAldpJ3XJF5F053yS9BVU1OoL56rGRw2BQIFxBdeJi5ZpgUe
7OyHfoC8DriVl9ATW5sB2EBX56FfOrbp8tKDuWiWwP6Fke489Ocb0If1DdlLPuTEYnttgr7V3HdMR0AFa15rJkAxJKITvK29nwJpxDs6MwReYTlU9CFOs6mFRObVO12qO9h1q4MArwYb0fwOFWpFHOfWhlYJjgUG
onPm3lo2v8oFAU6pujq9wVN4tORIV49R3K/B7fLp0FkoEiaQr7GsYC0dV1zzFH96Pci4sjFSc9yu6ZkspAldpJ3XJF5F053yS9BVU1OoL56rGRw2BQIFxBdeJi5ZpgUe
7j3sZVFN7IKm1LcDgUXP0EBX56FfOrbp8tKDuWiWwP6Fke489Ocb0If1DdlLPuTEYnxtgr7V3HdMR0AFa15rJkAxJKITvK29nwJpxDs6MwReYTlU9CFOs6mFRObVO12qO9h1q4MArwYb0fwOFWpFHOfWhlYJjgUG
RPgUwdxuL82IC4nm0dfrzVJ4tORIV49R3K/B7fLp0FkoEiaQr7GsYC0dV1zzFH96Pci4sjFSc9yu6ZkspAldpJ3XJF5F053yS9BVU1OoL56rGRw2BQIFxBdeJi5ZpgUe
bBsGhjQw4xk1YFNQ9xBBXUBX56FfOrbp8tKDuWiWwP6Fke489Ocb0If1DdlLPuTEYn1tgr7V3HdMR0AFa15rJkAxJKITvK29nwJpxDs6MwReYTlU9CFOs6mFRObVO12qO9h1q4MArwYb0fwOFWpFHOfWhlYJjgUG
3bxv0FvY+U68BuCxoTdaElF4tORIV49R3K/B7fLp0FkoEiaQr7GsYC0dV1zzFH96Pci4sjFSc9yu6ZkspAldpJ3XJF5F053yS9BVU1OoL56rGRw2BQIFxBdeJi5ZpgUe
MuVQiodBCSXofX8VQbruYUBX56FfOrbp8tKDuWiWwP6Fke489Ocb0If1DdlLPuTEYn5tgr7V3HdMR0AFa15rJkAxJKITvK29nwJpxDs6MwReYTlU9CFOs6mFRObVO12qO9h1q4MArwYb0fwOFWpFHOfWhlYJjgUG
qMLTSTzDV+NLTor2f6nPTVB4tORIV49R3K/B7fLp0FkoEiaQr7GsYC0dV1zzFH96Pci4sjFSc9yu6ZkspAldpJ3XJF5F053yS9BVU1OoL56rGRw2BQIFxBdeJi5ZpgUe
zk0PZu/h084JjResjPZ2Z0BX56FfOrbp8tKDuWiWwP6Fke489Ocb0If1DdlLPuTEYn9tgr7V3HdMR0AFa15rJkAxJKITvK29nwJpxDs6MwReYTlU9CFOs6mFRObVO12qO9h1q4MArwYb0fwOFWpFHOfWhlYJjgUG
FVc0lLenF+fgGe+28G6mdF94tORIV49R3K/B7fLp0FkoEiaQr7GsYC0dV1zzFH96Pci4sjFSc9yu6ZkspAldpJ3XJF5F053yS9BVU1OoL56rGRw2BQIFxBdeJi5ZpgUe
kEdFhkYp68sVUH9r8oQgQUBX56FfOrbp8tKDuWiWwP6Fke489Ocb0If1DdlLPuTEYnBtgr7V3HdMR0AFa15rJkAxJKITvK29nwJpxDs6MwReYTlU9CFOs6mFRObVO12qO9h1q4MArwYb0fwOFWpFHOfWhlYJjgUG
H91J6YSQvAOJ7XyFopxamV54tORIV49R3K/B7fLp0FkoEiaQr7GsYC0dV1zzFH96Pci4sjFSc9yu6ZkspAldpJ3XJF5F053yS9BVU1OoL56rGRw2BQIFxBdeJi5ZpgUe
pewDZ73egIuntQ8DCfXAx0BX56FfOrbp8tKDuWiWwP6Fke489Ocb0If1DdlLPuTEYnFtgr7V3HdMR0AFa15rJkAxJKITvK29nwJpxDs6MwReYTlU9CFOs6mFRObVO12qO9h1q4MArwYb0fwOFWpFHOfWhlYJjgUG
J3bfKoJsULav8wewVZtFa6cb2JMjYXpVw2V8bX8+c4cVdhDntwFRS2NSERpIYifYtPW9j8z0Z0W6S9ChtIYgfPk8PI3cv/e+uCZLKg50W6A/6yhVpyn/qVpFyx9jYU54h/uJnaGloep3P5UFEw==
9PnQMxHIiGENsUH8WmyILyTNiSLD5x3KpPwDjPijf1qjNifShNraDSgYDF3L3ufx5nB5u03rsaG8TxjA0u+1kf0wcmmQIEqrnsQUtnWr3TqbiDX7oxCvFjuBvF61+sWMR4bGBimeBRY=
zlBQxdqduIsp0lXhb2GHWJeSluGwJCyyt8gk5gSq/NacW31bn1oVGkxq28iYjZmvKCxLNeaDFGHwznzMFeSY7bgHGy4Ers+qivznMFNTzLUDcZMZho0PXycpkoiro+29hV2N+gs3kQUX
WadBYK6o7x7TtNIRAv5v7CLGjyvn4AncguwDifuHZViuNifShNraDSgYDF3L3ufx5nB5u03rsaG8TxjA0u+1kf0wcmmQIEqrnsQUtnWr3TqbiDX7oxCvFjuBvF61+sWMR4bGBimeBRY=
+ICNsnxVWuq8hnjX7MuSlcAFn2FFrSELs7IhGniC95jEVU0PXJS3hYorwKGkplA8KZysDWxfR/7oBrsqflSLYI+LmNU3ia9pqmXbH3OBfjjXGxkd0QVRKidfpQUj
FLwerdibJL1fqVFnIib/hhqUoDG93Is6XFgVe4dKHRpEesPo8L1hb3B849Ve85zheH4EbP00wK2A9zNOHL7HqoLs/9B7I/R12yH7uX49h9+v2SroA3M1/f1tZdoTJ5kFHw==
Ui3a15sUnIye2IDA25jzyDX4NIEU8NMGq4M5NqOa+gZ9EE7B35/OAF0t4I8iAcYCupRDSH5dPouNtqLCeWq8kMEoRV/KheVdxUFAQbk/kaUUED0PCw3DEVsiLVunBSE=
NcXJacyxSyj2OWu927r3YiLGjyvn4AncguwDifuHZVi1NifShNraDSgYDF3L3ufx5nB5u03rsaG8TxjA0u+1kf0wcmmQIEqrnsQUtnWr3TqbiDX7oxCvFjuBvF61+sWMR4bGBimeBRY=
0u4NfWwo+ekINJmj8qDcxu/pyWoa0vzjXkxH56uSZuM6FjHAFdfp4g1+hIL1HiMHO8DKDlWbcpp9v73mQ+yldwtk7+oDhYyy/a5lEN8iFspBqgUq
gAih/3i6jPxi9XMH3Vt0UUN0552GQ/Rh0AreQvUk+O1YR7uupO4vquo8R7Dzk6y14zHzlSfNKFpHbXEIC2PNvaWd7Xrrd7EFNw==
yqEH7pd/yWvar7Tito1kGf/u02q9+/I6vZ+9xgNMKZZLg+oKR2YMEr2OZTAfgpaqgcoFSg==
mWCyOap5JfY7tS16Qr5nIi+Eq/YuNL3SRQVkqRS99gSMyLGBrfwnGvHUt+0KoPPghIDRcBXqW7SuiJ3EBUA=
b6tdOupdroilsmVS4n6m8DS8s1C0uiPZx/UYXr4keQdO5SFl2b0tyRp6dak7oKH3Ty3HSaeygZPDBUU=
AplogoddnucRdPYxWDy81CLGjyvn4AncguwDifuHZVi1NifShNraDSgYDF3L3ufx5nB5u03rsaG4TRbA0u+1kf0wcmmQIEqrnsQUtnWr3TqbiDn6oxeqFj+CvF61+sWMR4bGBimeBRY=
dXEjLvjkcPO594ol96hTpDX4NIEU8NMGq4M5NqOa+gZ9EE7B35/OAF0t4I8iAcYGuJpDSH5dPouNtqLCeWq8kMEoRV/KheVdxU1BQb46kaEXED0PCw3DEVsiLVunBSE=
99k0HdLu3aq147QsxZZh+RqUoDG93Is6XFgVe4dKHRpEesPo8L1hb3B849Ve85zheHoGYv00wK2A9zNOHL7HqoLs/9B7I/R12yH7tX89gNqv3SnoA3M1/f1tZdoTJ5kFHw==
ctNzPm+nC+mTIZhKy63TZMAFn2FFrSELs7IhGniC95jEVU0PXJS3hYorwKGkolIyKZysDWxfR/7oBrsqflSLYI+LmNU3ia9lq2XcGnOFfTjXGxkd0QVRKidfpQUj
H20lstEo0M3J4vkQeQ4wbCLGjyvn4AncguwDifuHZViuNifShNraDSgYDF3L3ufx5nB5u03rsaG4TRbA0u+1kf0wcmmQIEqrnsQUtnWr3TqbiDn6oxeqFj+CvF61+sWMR4bGBimeBRY=
